<?xml version="1.0" encoding="UTF-8"?>
<!-- Generated by org.testng.reporters.JUnitReportReporter -->
<testsuite hostname="DESKTOP-THGT54K" failures="0" tests="3" name="com.sample.stockmanagement.SimpleService" time="2.061" errors="0" timestamp="2023-04-04T18:21:32 IST" skipped="0">
  <testcase classname="com.sample.stockmanagement.SimpleService" name="testProductDetails" time="1.155"/>
  <system-out/>
  <testcase classname="com.sample.stockmanagement.SimpleService" name="display" time="0.027"/>
  <system-out/>
  <testcase classname="com.sample.stockmanagement.SimpleService" name="searchDatabase" time="0.879"/>
  <system-out/>
</testsuite> <!-- com.sample.stockmanagement.SimpleService -->
